<?xml version="1.0" encoding="UTF-8"?>
<!-- Generated by org.testng.reporters.JUnitXMLReporter -->
<testsuite ignored="0" hostname="DESKTOP-KCFKTQ7" failures="0" tests="5" name="Default test" time="0.049" errors="0" timestamp="2020-05-17T12:44:19 CEST">
  <testcase classname="app.TestCalculator" name="addingNum" time="0.006"/>
  <testcase classname="app.TestCalculator" name="divNumWithNum" time="0.001"/>
  <testcase classname="app.TestCalculator" name="divNumWithZero" time="0.0"/>
  <testcase classname="app.TestCalculator" name="divZeroWithNum" time="0.001"/>
  <testcase classname="app.TestCalculator" name="divZeroWithZero" time="0.001"/>
</testsuite> <!-- Default test -->
