<?xml version="1.0" encoding="UTF-8"?>
<testng-results ignored="0" total="5" passed="5" failed="0" skipped="0">
  <reporter-output>
  </reporter-output>
  <suite started-at="2020-05-17T12:44:19 CEST" name="Default suite" finished-at="2020-05-17T12:44:19 CEST" duration-ms="49">
    <groups>
    </groups>
    <test started-at="2020-05-17T12:44:19 CEST" name="Default test" finished-at="2020-05-17T12:44:19 CEST" duration-ms="49">
      <class name="app.TestCalculator">
        <test-method is-config="true" signature="returnToStartValue()[pri:0, instance:app.TestCalculator@7ea37dbf]" started-at="2020-05-17T12:44:19 CEST" name="returnToStartValue" finished-at="2020-05-17T12:44:19 CEST" duration-ms="4" status="PASS">
          <reporter-output>
          </reporter-output>
        </test-method> <!-- returnToStartValue -->
        <test-method signature="addingNum()[pri:0, instance:app.TestCalculator@7ea37dbf]" started-at="2020-05-17T12:44:19 CEST" name="addingNum" finished-at="2020-05-17T12:44:19 CEST" duration-ms="6" status="PASS">
          <reporter-output>
          </reporter-output>
        </test-method> <!-- addingNum -->
        <test-method is-config="true" signature="returnToStartValue()[pri:0, instance:app.TestCalculator@7ea37dbf]" started-at="2020-05-17T12:44:19 CEST" name="returnToStartValue" finished-at="2020-05-17T12:44:19 CEST" duration-ms="0" status="PASS">
          <reporter-output>
          </reporter-output>
        </test-method> <!-- returnToStartValue -->
        <test-method signature="divNumWithNum()[pri:0, instance:app.TestCalculator@7ea37dbf]" started-at="2020-05-17T12:44:19 CEST" name="divNumWithNum" finished-at="2020-05-17T12:44:19 CEST" duration-ms="1" status="PASS">
          <reporter-output>
          </reporter-output>
        </test-method> <!-- divNumWithNum -->
        <test-method is-config="true" signature="returnToStartValue()[pri:0, instance:app.TestCalculator@7ea37dbf]" started-at="2020-05-17T12:44:19 CEST" name="returnToStartValue" finished-at="2020-05-17T12:44:19 CEST" duration-ms="0" status="PASS">
          <reporter-output>
          </reporter-output>
        </test-method> <!-- returnToStartValue -->
        <test-method signature="divNumWithZero()[pri:0, instance:app.TestCalculator@7ea37dbf]" started-at="2020-05-17T12:44:19 CEST" name="divNumWithZero" finished-at="2020-05-17T12:44:19 CEST" duration-ms="0" status="PASS">
          <reporter-output>
          </reporter-output>
        </test-method> <!-- divNumWithZero -->
        <test-method is-config="true" signature="returnToStartValue()[pri:0, instance:app.TestCalculator@7ea37dbf]" started-at="2020-05-17T12:44:19 CEST" name="returnToStartValue" finished-at="2020-05-17T12:44:19 CEST" duration-ms="0" status="PASS">
          <reporter-output>
          </reporter-output>
        </test-method> <!-- returnToStartValue -->
        <test-method signature="divZeroWithNum()[pri:0, instance:app.TestCalculator@7ea37dbf]" started-at="2020-05-17T12:44:19 CEST" name="divZeroWithNum" finished-at="2020-05-17T12:44:19 CEST" duration-ms="1" status="PASS">
          <reporter-output>
          </reporter-output>
        </test-method> <!-- divZeroWithNum -->
        <test-method signature="divZeroWithZero()[pri:0, instance:app.TestCalculator@7ea37dbf]" started-at="2020-05-17T12:44:19 CEST" name="divZeroWithZero" finished-at="2020-05-17T12:44:19 CEST" duration-ms="1" status="PASS">
          <reporter-output>
          </reporter-output>
        </test-method> <!-- divZeroWithZero -->
        <test-method is-config="true" signature="returnToStartValue()[pri:0, instance:app.TestCalculator@7ea37dbf]" started-at="2020-05-17T12:44:19 CEST" name="returnToStartValue" finished-at="2020-05-17T12:44:19 CEST" duration-ms="0" status="PASS">
          <reporter-output>
          </reporter-output>
        </test-method> <!-- returnToStartValue -->
      </class> <!-- app.TestCalculator -->
    </test> <!-- Default test -->
  </suite> <!-- Default suite -->
</testng-results>
